{"/Users/ericvicenti/workshop-web/callstagram/Feed.js": {"path":"/Users/ericvicenti/workshop-web/callstagram/Feed.js","statementMap":{"0":{"start":{"line":11,"column":19},"end":{"line":11,"column":20}},"1":{"start":{"line":16,"column":4},"end":{"line":16,"column":23}},"2":{"start":{"line":17,"column":4},"end":{"line":19,"column":13}},"3":{"start":{"line":18,"column":6},"end":{"line":18,"column":53}},"4":{"start":{"line":22,"column":4},"end":{"line":24,"column":5}},"5":{"start":{"line":23,"column":6},"end":{"line":23,"column":13}},"6":{"start":{"line":25,"column":4},"end":{"line":30,"column":9}},"7":{"start":{"line":26,"column":22},"end":{"line":26,"column":51}},"8":{"start":{"line":29,"column":8},"end":{"line":29,"column":39}},"9":{"start":{"line":34,"column":4},"end":{"line":39,"column":9}},"10":{"start":{"line":35,"column":22},"end":{"line":35,"column":51}},"11":{"start":{"line":38,"column":8},"end":{"line":38,"column":39}},"12":{"start":{"line":43,"column":40},"end":{"line":43,"column":50}},"13":{"start":{"line":44,"column":22},"end":{"line":44,"column":32}},"14":{"start":{"line":45,"column":4},"end":{"line":51,"column":5}},"15":{"start":{"line":46,"column":6},"end":{"line":50,"column":8}},"16":{"start":{"line":52,"column":4},"end":{"line":60,"column":5}},"17":{"start":{"line":53,"column":6},"end":{"line":59,"column":8}},"18":{"start":{"line":61,"column":4},"end":{"line":82,"column":6}},"19":{"start":{"line":68,"column":10},"end":{"line":68,"column":36}},"20":{"start":{"line":72,"column":10},"end":{"line":79,"column":12}},"21":{"start":{"line":86,"column":13},"end":{"line":103,"column":16}},"22":{"start":{"line":88,"column":4},"end":{"line":92,"column":6}},"23":{"start":{"line":95,"column":4},"end":{"line":101,"column":6}},"24":{"start":{"line":97,"column":8},"end":{"line":100,"column":10}}},"fnMap":{"0":{"name":"(anonymous_0)","decl":{"start":{"line":15,"column":2},"end":{"line":15,"column":3}},"loc":{"start":{"line":15,"column":22},"end":{"line":20,"column":3}},"line":15},"1":{"name":"(anonymous_1)","decl":{"start":{"line":17,"column":15},"end":{"line":17,"column":16}},"loc":{"start":{"line":17,"column":21},"end":{"line":19,"column":5}},"line":17},"2":{"name":"(anonymous_2)","decl":{"start":{"line":21,"column":2},"end":{"line":21,"column":3}},"loc":{"start":{"line":21,"column":16},"end":{"line":31,"column":3}},"line":21},"3":{"name":"(anonymous_3)","decl":{"start":{"line":26,"column":12},"end":{"line":26,"column":13}},"loc":{"start":{"line":26,"column":22},"end":{"line":26,"column":51}},"line":26},"4":{"name":"(anonymous_4)","decl":{"start":{"line":27,"column":13},"end":{"line":27,"column":14}},"loc":{"start":{"line":27,"column":18},"end":{"line":30,"column":7}},"line":27},"5":{"name":"(anonymous_5)","decl":{"start":{"line":33,"column":18},"end":{"line":33,"column":19}},"loc":{"start":{"line":33,"column":24},"end":{"line":40,"column":3}},"line":33},"6":{"name":"(anonymous_6)","decl":{"start":{"line":35,"column":12},"end":{"line":35,"column":13}},"loc":{"start":{"line":35,"column":22},"end":{"line":35,"column":51}},"line":35},"7":{"name":"(anonymous_7)","decl":{"start":{"line":36,"column":13},"end":{"line":36,"column":14}},"loc":{"start":{"line":36,"column":18},"end":{"line":39,"column":7}},"line":36},"8":{"name":"(anonymous_8)","decl":{"start":{"line":42,"column":2},"end":{"line":42,"column":3}},"loc":{"start":{"line":42,"column":11},"end":{"line":83,"column":3}},"line":42},"9":{"name":"(anonymous_9)","decl":{"start":{"line":67,"column":13},"end":{"line":67,"column":14}},"loc":{"start":{"line":67,"column":25},"end":{"line":69,"column":9}},"line":67},"10":{"name":"(anonymous_10)","decl":{"start":{"line":71,"column":20},"end":{"line":71,"column":21}},"loc":{"start":{"line":71,"column":34},"end":{"line":80,"column":9}},"line":71},"11":{"name":"(anonymous_11)","decl":{"start":{"line":87,"column":2},"end":{"line":87,"column":3}},"loc":{"start":{"line":87,"column":20},"end":{"line":93,"column":3}},"line":87},"12":{"name":"(anonymous_12)","decl":{"start":{"line":94,"column":2},"end":{"line":94,"column":3}},"loc":{"start":{"line":94,"column":14},"end":{"line":102,"column":3}},"line":94},"13":{"name":"(anonymous_13)","decl":{"start":{"line":96,"column":18},"end":{"line":96,"column":19}},"loc":{"start":{"line":97,"column":8},"end":{"line":100,"column":10}},"line":97}},"branchMap":{"0":{"loc":{"start":{"line":18,"column":6},"end":{"line":18,"column":52}},"type":"binary-expr","locations":[{"start":{"line":18,"column":6},"end":{"line":18,"column":20}},{"start":{"line":18,"column":24},"end":{"line":18,"column":52}}],"line":18},"1":{"loc":{"start":{"line":22,"column":4},"end":{"line":24,"column":5}},"type":"if","locations":[{"start":{"line":22,"column":4},"end":{"line":24,"column":5}},{"start":{"line":22,"column":4},"end":{"line":24,"column":5}}],"line":22},"2":{"loc":{"start":{"line":45,"column":4},"end":{"line":51,"column":5}},"type":"if","locations":[{"start":{"line":45,"column":4},"end":{"line":51,"column":5}},{"start":{"line":45,"column":4},"end":{"line":51,"column":5}}],"line":45},"3":{"loc":{"start":{"line":52,"column":4},"end":{"line":60,"column":5}},"type":"if","locations":[{"start":{"line":52,"column":4},"end":{"line":60,"column":5}},{"start":{"line":52,"column":4},"end":{"line":60,"column":5}}],"line":52},"4":{"loc":{"start":{"line":89,"column":13},"end":{"line":91,"column":21}},"type":"cond-expr","locations":[{"start":{"line":90,"column":10},"end":{"line":90,"column":40}},{"start":{"line":91,"column":10},"end":{"line":91,"column":21}}],"line":89}},"s":{"0":1,"1":2,"2":2,"3":0,"4":2,"5":0,"6":2,"7":0,"8":0,"9":0,"10":0,"11":0,"12":2,"13":2,"14":2,"15":1,"16":1,"17":0,"18":1,"19":1,"20":1,"21":1,"22":2,"23":2,"24":0},"f":{"0":2,"1":0,"2":2,"3":0,"4":0,"5":0,"6":0,"7":0,"8":2,"9":1,"10":1,"11":2,"12":2,"13":0},"b":{"0":[0,0],"1":[0,2],"2":[1,1],"3":[0,1],"4":[0,2]},"_coverageSchema":"332fd63041d2c1bcb487cc26dd0d5f7d97098a6c","hash":"74a7bb433d13d3a7788a16d9550ddf64364f3b23"}
,"/Users/ericvicenti/workshop-web/callstagram/FeedItem.js": {"path":"/Users/ericvicenti/workshop-web/callstagram/FeedItem.js","statementMap":{"0":{"start":{"line":10,"column":64},"end":{"line":10,"column":74}},"1":{"start":{"line":11,"column":4},"end":{"line":27,"column":6}},"2":{"start":{"line":16,"column":14},"end":{"line":16,"column":51}},"3":{"start":{"line":31,"column":17},"end":{"line":37,"column":16}},"4":{"start":{"line":32,"column":15},"end":{"line":32,"column":56}},"5":{"start":{"line":32,"column":37},"end":{"line":32,"column":55}},"6":{"start":{"line":33,"column":2},"end":{"line":35,"column":3}},"7":{"start":{"line":34,"column":4},"end":{"line":34,"column":24}},"8":{"start":{"line":36,"column":2},"end":{"line":36,"column":67}}},"fnMap":{"0":{"name":"(anonymous_0)","decl":{"start":{"line":9,"column":2},"end":{"line":9,"column":3}},"loc":{"start":{"line":9,"column":11},"end":{"line":28,"column":3}},"line":9},"1":{"name":"(anonymous_1)","decl":{"start":{"line":15,"column":21},"end":{"line":15,"column":22}},"loc":{"start":{"line":15,"column":27},"end":{"line":17,"column":13}},"line":15},"2":{"name":"(anonymous_2)","decl":{"start":{"line":31,"column":25},"end":{"line":31,"column":26}},"loc":{"start":{"line":31,"column":43},"end":{"line":37,"column":1}},"line":31},"3":{"name":"(anonymous_3)","decl":{"start":{"line":32,"column":32},"end":{"line":32,"column":33}},"loc":{"start":{"line":32,"column":37},"end":{"line":32,"column":55}},"line":32}},"branchMap":{"0":{"loc":{"start":{"line":12,"column":6},"end":{"line":26,"column":7}},"type":"binary-expr","locations":[{"start":{"line":12,"column":6},"end":{"line":12,"column":8}},{"start":{"line":13,"column":8},"end":{"line":25,"column":15}}],"line":12},"1":{"loc":{"start":{"line":33,"column":2},"end":{"line":35,"column":3}},"type":"if","locations":[{"start":{"line":33,"column":2},"end":{"line":35,"column":3}},{"start":{"line":33,"column":2},"end":{"line":35,"column":3}}],"line":33}},"s":{"0":1,"1":1,"2":0,"3":1,"4":1,"5":1,"6":1,"7":0,"8":1},"f":{"0":1,"1":0,"2":1,"3":1},"b":{"0":[1,1],"1":[0,1]},"_coverageSchema":"332fd63041d2c1bcb487cc26dd0d5f7d97098a6c","hash":"14c1f0876a92be789d52cccbf3948f07ebdfae1b"}
,"/Users/ericvicenti/workshop-web/callstagram/FeedItemLikeButton.js": {"path":"/Users/ericvicenti/workshop-web/callstagram/FeedItemLikeButton.js","statementMap":{"0":{"start":{"line":9,"column":38},"end":{"line":9,"column":80}},"1":{"start":{"line":12,"column":52},"end":{"line":12,"column":62}},"2":{"start":{"line":13,"column":4},"end":{"line":15,"column":6}},"3":{"start":{"line":19,"column":27},"end":{"line":29,"column":13}},"4":{"start":{"line":21,"column":20},"end":{"line":21,"column":61}},"5":{"start":{"line":22,"column":4},"end":{"line":22,"column":37}},"6":{"start":{"line":24,"column":24},"end":{"line":28,"column":3}},"7":{"start":{"line":26,"column":6},"end":{"line":26,"column":54}}},"fnMap":{"0":{"name":"(anonymous_0)","decl":{"start":{"line":9,"column":18},"end":{"line":9,"column":19}},"loc":{"start":{"line":9,"column":38},"end":{"line":9,"column":80}},"line":9},"1":{"name":"(anonymous_1)","decl":{"start":{"line":11,"column":2},"end":{"line":11,"column":3}},"loc":{"start":{"line":11,"column":11},"end":{"line":16,"column":3}},"line":11},"2":{"name":"(anonymous_2)","decl":{"start":{"line":20,"column":2},"end":{"line":20,"column":3}},"loc":{"start":{"line":20,"column":20},"end":{"line":23,"column":3}},"line":20},"3":{"name":"(anonymous_3)","decl":{"start":{"line":24,"column":2},"end":{"line":24,"column":3}},"loc":{"start":{"line":24,"column":24},"end":{"line":28,"column":3}},"line":24},"4":{"name":"(anonymous_4)","decl":{"start":{"line":25,"column":14},"end":{"line":25,"column":15}},"loc":{"start":{"line":25,"column":20},"end":{"line":27,"column":5}},"line":25}},"branchMap":{"0":{"loc":{"start":{"line":14,"column":6},"end":{"line":14,"column":80}},"type":"binary-expr","locations":[{"start":{"line":14,"column":6},"end":{"line":14,"column":8}},{"start":{"line":14,"column":12},"end":{"line":14,"column":80}}],"line":14},"1":{"loc":{"start":{"line":14,"column":27},"end":{"line":14,"column":57}},"type":"cond-expr","locations":[{"start":{"line":14,"column":37},"end":{"line":14,"column":45}},{"start":{"line":14,"column":48},"end":{"line":14,"column":57}}],"line":14}},"s":{"0":0,"1":1,"2":1,"3":1,"4":1,"5":1,"6":1,"7":0},"f":{"0":0,"1":1,"2":1,"3":1,"4":0},"b":{"0":[1,1],"1":[0,1]},"_coverageSchema":"332fd63041d2c1bcb487cc26dd0d5f7d97098a6c","hash":"a1fa0b3a829c35dedcde1b8d965d4eb5646cca53"}
,"/Users/ericvicenti/workshop-web/callstagram/fetchImages.js": {"path":"/Users/ericvicenti/workshop-web/callstagram/fetchImages.js","statementMap":{"0":{"start":{"line":1,"column":8},"end":{"line":1,"column":9}},"1":{"start":{"line":3,"column":20},"end":{"line":13,"column":1}},"2":{"start":{"line":4,"column":17},"end":{"line":6,"column":3}},"3":{"start":{"line":7,"column":21},"end":{"line":7,"column":42}},"4":{"start":{"line":8,"column":17},"end":{"line":8,"column":37}},"5":{"start":{"line":9,"column":2},"end":{"line":12,"column":6}},"6":{"start":{"line":9,"column":30},"end":{"line":12,"column":3}}},"fnMap":{"0":{"name":"(anonymous_0)","decl":{"start":{"line":3,"column":20},"end":{"line":3,"column":21}},"loc":{"start":{"line":3,"column":35},"end":{"line":13,"column":1}},"line":3},"1":{"name":"(anonymous_1)","decl":{"start":{"line":9,"column":20},"end":{"line":9,"column":21}},"loc":{"start":{"line":9,"column":30},"end":{"line":12,"column":3}},"line":9}},"branchMap":{},"s":{"0":1,"1":1,"2":2,"3":0,"4":0,"5":0,"6":0},"f":{"0":2,"1":0},"b":{},"_coverageSchema":"332fd63041d2c1bcb487cc26dd0d5f7d97098a6c","hash":"085510cdc58a60bf29316ec8c3ac9810bca12502"}
,"/Users/ericvicenti/workshop-web/callstagram/reducer.js": {"path":"/Users/ericvicenti/workshop-web/callstagram/reducer.js","statementMap":{"0":{"start":{"line":1,"column":21},"end":{"line":5,"column":1}},"1":{"start":{"line":7,"column":16},"end":{"line":35,"column":1}},"2":{"start":{"line":8,"column":2},"end":{"line":13,"column":3}},"3":{"start":{"line":9,"column":4},"end":{"line":12,"column":6}},"4":{"start":{"line":14,"column":2},"end":{"line":19,"column":3}},"5":{"start":{"line":15,"column":4},"end":{"line":18,"column":6}},"6":{"start":{"line":20,"column":2},"end":{"line":33,"column":3}},"7":{"start":{"line":21,"column":21},"end":{"line":21,"column":67}},"8":{"start":{"line":22,"column":4},"end":{"line":32,"column":5}},"9":{"start":{"line":23,"column":6},"end":{"line":26,"column":8}},"10":{"start":{"line":25,"column":53},"end":{"line":25,"column":68}},"11":{"start":{"line":28,"column":6},"end":{"line":31,"column":8}},"12":{"start":{"line":34,"column":2},"end":{"line":34,"column":19}}},"fnMap":{"0":{"name":"(anonymous_0)","decl":{"start":{"line":7,"column":16},"end":{"line":7,"column":17}},"loc":{"start":{"line":7,"column":54},"end":{"line":35,"column":1}},"line":7},"1":{"name":"(anonymous_1)","decl":{"start":{"line":25,"column":48},"end":{"line":25,"column":49}},"loc":{"start":{"line":25,"column":53},"end":{"line":25,"column":68}},"line":25}},"branchMap":{"0":{"loc":{"start":{"line":7,"column":17},"end":{"line":7,"column":41}},"type":"default-arg","locations":[{"start":{"line":7,"column":29},"end":{"line":7,"column":41}}],"line":7},"1":{"loc":{"start":{"line":8,"column":2},"end":{"line":13,"column":3}},"type":"if","locations":[{"start":{"line":8,"column":2},"end":{"line":13,"column":3}},{"start":{"line":8,"column":2},"end":{"line":13,"column":3}}],"line":8},"2":{"loc":{"start":{"line":14,"column":2},"end":{"line":19,"column":3}},"type":"if","locations":[{"start":{"line":14,"column":2},"end":{"line":19,"column":3}},{"start":{"line":14,"column":2},"end":{"line":19,"column":3}}],"line":14},"3":{"loc":{"start":{"line":20,"column":2},"end":{"line":33,"column":3}},"type":"if","locations":[{"start":{"line":20,"column":2},"end":{"line":33,"column":3}},{"start":{"line":20,"column":2},"end":{"line":33,"column":3}}],"line":20},"4":{"loc":{"start":{"line":22,"column":4},"end":{"line":32,"column":5}},"type":"if","locations":[{"start":{"line":22,"column":4},"end":{"line":32,"column":5}},{"start":{"line":22,"column":4},"end":{"line":32,"column":5}}],"line":22}},"s":{"0":2,"1":2,"2":7,"3":1,"4":6,"5":1,"6":5,"7":2,"8":2,"9":1,"10":1,"11":1,"12":3},"f":{"0":7,"1":1},"b":{"0":[3],"1":[1,6],"2":[1,5],"3":[2,3],"4":[1,1]},"_coverageSchema":"332fd63041d2c1bcb487cc26dd0d5f7d97098a6c","hash":"c8eeb11c0397666268d45d290c7d577c52a9473b"}
}
