TN:
SF:/Users/ericvicenti/workshop-web/callstagram/Feed.js
FN:15,(anonymous_0)
FN:17,(anonymous_1)
FN:21,(anonymous_2)
FN:26,(anonymous_3)
FN:27,(anonymous_4)
FN:33,(anonymous_5)
FN:35,(anonymous_6)
FN:36,(anonymous_7)
FN:42,(anonymous_8)
FN:67,(anonymous_9)
FN:71,(anonymous_10)
FN:87,(anonymous_11)
FN:94,(anonymous_12)
FN:96,(anonymous_13)
FNF:14
FNH:7
FNDA:2,(anonymous_0)
FNDA:0,(anonymous_1)
FNDA:2,(anonymous_2)
FNDA:0,(anonymous_3)
FNDA:0,(anonymous_4)
FNDA:0,(anonymous_5)
FNDA:0,(anonymous_6)
FNDA:0,(anonymous_7)
FNDA:2,(anonymous_8)
FNDA:1,(anonymous_9)
FNDA:1,(anonymous_10)
FNDA:2,(anonymous_11)
FNDA:2,(anonymous_12)
FNDA:0,(anonymous_13)
DA:11,1
DA:16,2
DA:17,2
DA:18,0
DA:22,2
DA:23,0
DA:25,2
DA:26,0
DA:29,0
DA:34,0
DA:35,0
DA:38,0
DA:43,2
DA:44,2
DA:45,2
DA:46,1
DA:52,1
DA:53,0
DA:61,1
DA:68,1
DA:72,1
DA:86,1
DA:88,2
DA:95,2
DA:97,0
LF:25
LH:16
BRDA:18,0,0,0
BRDA:18,0,1,0
BRDA:22,1,0,0
BRDA:22,1,1,2
BRDA:45,2,0,1
BRDA:45,2,1,1
BRDA:52,3,0,0
BRDA:52,3,1,1
BRDA:89,4,0,0
BRDA:89,4,1,2
BRF:10
BRH:5
end_of_record
TN:
SF:/Users/ericvicenti/workshop-web/callstagram/FeedItem.js
FN:9,(anonymous_0)
FN:15,(anonymous_1)
FN:31,(anonymous_2)
FN:32,(anonymous_3)
FNF:4
FNH:3
FNDA:1,(anonymous_0)
FNDA:0,(anonymous_1)
FNDA:1,(anonymous_2)
FNDA:1,(anonymous_3)
DA:10,1
DA:11,1
DA:16,0
DA:31,1
DA:32,1
DA:33,1
DA:34,0
DA:36,1
LF:8
LH:6
BRDA:12,0,0,1
BRDA:12,0,1,1
BRDA:33,1,0,0
BRDA:33,1,1,1
BRF:4
BRH:3
end_of_record
TN:
SF:/Users/ericvicenti/workshop-web/callstagram/FeedItemLikeButton.js
FN:9,(anonymous_0)
FN:11,(anonymous_1)
FN:20,(anonymous_2)
FN:24,(anonymous_3)
FN:25,(anonymous_4)
FNF:5
FNH:3
FNDA:0,(anonymous_0)
FNDA:1,(anonymous_1)
FNDA:1,(anonymous_2)
FNDA:1,(anonymous_3)
FNDA:0,(anonymous_4)
DA:9,0
DA:12,1
DA:13,1
DA:19,1
DA:21,1
DA:22,1
DA:24,1
DA:26,0
LF:8
LH:6
BRDA:14,0,0,1
BRDA:14,0,1,1
BRDA:14,1,0,0
BRDA:14,1,1,1
BRF:4
BRH:3
end_of_record
TN:
SF:/Users/ericvicenti/workshop-web/callstagram/fetchImages.js
FN:3,(anonymous_0)
FN:9,(anonymous_1)
FNF:2
FNH:1
FNDA:2,(anonymous_0)
FNDA:0,(anonymous_1)
DA:1,1
DA:3,1
DA:4,2
DA:7,0
DA:8,0
DA:9,0
LF:6
LH:3
BRF:0
BRH:0
end_of_record
TN:
SF:/Users/ericvicenti/workshop-web/callstagram/reducer.js
FN:7,(anonymous_0)
FN:25,(anonymous_1)
FNF:2
FNH:2
FNDA:7,(anonymous_0)
FNDA:1,(anonymous_1)
DA:1,2
DA:7,2
DA:8,7
DA:9,1
DA:14,6
DA:15,1
DA:20,5
DA:21,2
DA:22,2
DA:23,1
DA:25,1
DA:28,1
DA:34,3
LF:13
LH:13
BRDA:7,0,0,3
BRDA:8,1,0,1
BRDA:8,1,1,6
BRDA:14,2,0,1
BRDA:14,2,1,5
BRDA:20,3,0,2
BRDA:20,3,1,3
BRDA:22,4,0,1
BRDA:22,4,1,1
BRF:9
BRH:9
end_of_record
